<testExecutions version="1">
<file path="functions/daily-cron/tests/index.test.js">
<testCase name="starter function tests should call the starter function" duration="2" />
</file>
</testExecutions>